2018-03-15 15:34:33,351 INFO  [TestLogIn] Get new Driver 
2018-03-15 15:34:36,481 INFO  [Log] Go To Login Page 
2018-03-15 15:34:36,536 INFO  [Log] Correct  page https://www.facebook.com/ 
2018-03-15 15:34:37,370 INFO  [Log] E-mail  text box found and input text nastya.d.1991@inbox.ru 
2018-03-15 15:34:37,800 INFO  [Log] Password  text box found and input text test1234 
2018-03-15 15:34:43,283 INFO  [Log] Puch Enter 
2018-03-15 15:34:43,397 INFO  [Log] Ok for log: nastya.d.1991@inbox.ru, pass: test1234 
2018-03-15 15:34:43,416 INFO  [Log] Correct  page https://www.facebook.com/?sk=welcome 
2018-03-15 15:34:44,492 INFO  [Log] User Navigation Label found and click. 
2018-03-15 15:34:47,618 INFO  [Log] LogOut link found and click. 
2018-03-15 15:34:55,783 INFO  [TestLogIn] Get new Driver 
2018-03-15 15:34:58,488 INFO  [Log] Go To Login Page 
2018-03-15 15:34:58,509 INFO  [Log] Correct  page https://www.facebook.com/ 
2018-03-15 15:34:58,974 INFO  [Log] E-mail  text box found and input text tes 
2018-03-15 15:34:59,361 INFO  [Log] Password  text box found and input text test1234 
2018-03-15 15:35:30,080 INFO  [Log] Puch Enter 
2018-03-15 15:35:40,155 ERROR [Log] Fail for log: tes, pass: test1234 
2018-03-15 15:35:40,178 ERROR [Log] Wrong page. Current Url-<https://www.facebook.com/login.php?login_attempt=1&lwv=111>, expected URL -<https://www.facebook.com/?sk=welcome> 
2018-03-15 15:35:50,212 ERROR [Log] Error with Go To User Label or LogOut link. 
2018-03-15 15:35:54,356 INFO  [TestLogIn] Get new Driver 
2018-03-15 15:35:57,096 INFO  [Log] Go To Login Page 
2018-03-15 15:35:57,127 INFO  [Log] Correct  page https://www.facebook.com/ 
2018-03-15 15:35:58,174 INFO  [Log] E-mail  text box found and input text nastya.d.1991@inbox.ru 
2018-03-15 15:35:58,637 INFO  [Log] Password  text box found and input text test1234 
2018-03-15 15:36:03,967 INFO  [Log] Button LogIn found and click 
2018-03-15 15:36:04,151 INFO  [Log] Ok for log: nastya.d.1991@inbox.ru, pass: test1234 
2018-03-15 15:36:04,210 INFO  [Log] Correct  page https://www.facebook.com/?sk=welcome 
2018-03-15 15:36:05,026 INFO  [Log] User Navigation Label found and click. 
2018-03-15 15:36:08,064 INFO  [Log] LogOut link found and click. 
2018-03-15 15:36:15,026 INFO  [TestLogIn] Get new Driver 
2018-03-15 15:36:18,034 INFO  [Log] Go To Login Page 
2018-03-15 15:36:18,062 INFO  [Log] Correct  page https://www.facebook.com/ 
2018-03-15 15:36:18,579 INFO  [Log] E-mail  text box found and input text tes 
2018-03-15 15:36:19,027 INFO  [Log] Password  text box found and input text test1234 
2018-03-15 15:36:49,736 INFO  [Log] Button LogIn found and click 
2018-03-15 15:37:00,375 ERROR [Log] Fail for log: tes, pass: test1234 
2018-03-15 15:37:00,392 ERROR [Log] Wrong page. Current Url-<https://www.facebook.com/login.php?login_attempt=1&lwv=111>, expected URL -<https://www.facebook.com/?sk=welcome> 
2018-03-15 15:37:05,459 ERROR [Log] Error with Go To User Label or LogOut link. 
2018-03-15 15:51:14,849 INFO  [TestLogIn] Get new Driver 
2018-03-15 15:51:19,930 INFO  [Log] Go To Login Page 
2018-03-15 15:51:20,005 INFO  [Log] Correct  page https://www.facebook.com/ 
2018-03-15 15:51:21,158 INFO  [Log] E-mail  text box found and input text nastya.d.1991@inbox.ru 
2018-03-15 15:51:21,764 INFO  [Log] Password  text box found and input text test1234 
2018-03-15 15:51:27,894 INFO  [Log] Puch Enter 
2018-03-15 15:51:28,056 INFO  [Log] Ok for log: nastya.d.1991@inbox.ru, pass: test1234 
2018-03-15 15:51:28,077 INFO  [Log] Correct  page https://www.facebook.com/?sk=welcome 
2018-03-15 15:51:29,010 INFO  [Log] User Navigation Label found and click. 
2018-03-15 15:51:32,602 INFO  [Log] LogOut link found and click. 
2018-03-15 15:51:39,308 INFO  [TestLogIn] Get new Driver 
2018-03-15 15:51:41,999 INFO  [Log] Go To Login Page 
2018-03-15 15:51:42,041 INFO  [Log] Correct  page https://www.facebook.com/ 
2018-03-15 15:51:42,549 INFO  [Log] E-mail  text box found and input text tes 
2018-03-15 15:51:42,975 INFO  [Log] Password  text box found and input text test1234 
2018-03-15 15:52:13,302 INFO  [Log] Puch Enter 
2018-03-15 15:52:23,509 ERROR [Log] Fail for log: tes, pass: test1234 
2018-03-15 15:52:23,522 ERROR [Log] Wrong page. Current Url-<https://www.facebook.com/login.php?login_attempt=1&lwv=111>, expected URL -<https://www.facebook.com/?sk=welcome> 
2018-03-15 15:52:33,552 ERROR [Log] Error with Go To User Label or LogOut link. 
2018-03-15 15:52:36,410 INFO  [TestLogIn] Get new Driver 
2018-03-15 15:52:38,544 INFO  [Log] Go To Login Page 
2018-03-15 15:52:38,557 INFO  [Log] Correct  page https://www.facebook.com/ 
2018-03-15 15:52:39,183 INFO  [Log] E-mail  text box found and input text nastya.d.1991@inbox.ru 
2018-03-15 15:52:39,607 INFO  [Log] Password  text box found and input text test1234 
2018-03-15 15:52:43,691 INFO  [Log] Button LogIn found and click 
2018-03-15 15:52:43,754 INFO  [Log] Ok for log: nastya.d.1991@inbox.ru, pass: test1234 
2018-03-15 15:52:43,796 INFO  [Log] Correct  page https://www.facebook.com/?sk=welcome 
2018-03-15 15:52:44,196 INFO  [Log] User Navigation Label found and click. 
2018-03-15 15:52:47,099 INFO  [Log] LogOut link found and click. 
2018-03-15 15:52:53,992 INFO  [TestLogIn] Get new Driver 
2018-03-15 15:52:56,334 INFO  [Log] Go To Login Page 
2018-03-15 15:52:56,350 INFO  [Log] Correct  page https://www.facebook.com/ 
2018-03-15 15:52:56,807 INFO  [Log] E-mail  text box found and input text tes 
2018-03-15 15:52:57,197 INFO  [Log] Password  text box found and input text test1234 
2018-03-15 15:53:27,848 INFO  [Log] Button LogIn found and click 
2018-03-15 15:53:38,441 ERROR [Log] Fail for log: tes, pass: test1234 
2018-03-15 15:53:38,452 ERROR [Log] Wrong page. Current Url-<https://www.facebook.com/login.php?login_attempt=1&lwv=111>, expected URL -<https://www.facebook.com/?sk=welcome> 
2018-03-15 15:53:43,506 ERROR [Log] Error with Go To User Label or LogOut link. 
2018-03-15 16:01:29,953 INFO  [TestLogIn] Get new Driver 
2018-03-15 16:01:36,422 INFO  [Log] Go To Login Page 
2018-03-15 16:01:36,475 INFO  [Log] Correct  page https://www.facebook.com/ 
2018-03-15 16:01:37,396 INFO  [Log] E-mail  text box found and input text nastya.d.1991@inbox.ru 
2018-03-15 16:01:37,808 INFO  [Log] Password  text box found and input text test1234 
2018-03-15 16:01:42,688 INFO  [Log] Puch Enter 
2018-03-15 16:01:42,874 INFO  [Log] Ok for log: nastya.d.1991@inbox.ru, pass: test1234 
2018-03-15 16:01:43,057 INFO  [Log] Correct  page https://www.facebook.com/?sk=welcome 
2018-03-15 16:01:44,242 INFO  [Log] User Navigation Label found and click. 
2018-03-15 16:01:48,197 INFO  [Log] LogOut link found and click. 
2018-03-15 16:01:56,266 INFO  [TestLogIn] Get new Driver 
2018-03-15 16:01:58,812 INFO  [Log] Go To Login Page 
2018-03-15 16:01:58,837 INFO  [Log] Correct  page https://www.facebook.com/ 
2018-03-15 16:01:59,308 INFO  [Log] E-mail  text box found and input text tes 
2018-03-15 16:01:59,714 INFO  [Log] Password  text box found and input text test1234 
2018-03-15 16:02:30,602 INFO  [Log] Puch Enter 
2018-03-15 16:02:41,033 ERROR [Log] Fail for log: tes, pass: test1234 
2018-03-15 16:02:41,046 ERROR [Log] Wrong page. Current Url-<https://www.facebook.com/login.php?login_attempt=1&lwv=111>, expected URL -<https://www.facebook.com/?sk=welcome> 
2018-03-15 16:02:51,072 ERROR [Log] Error with Go To User Label or LogOut link. 
2018-03-15 16:06:44,016 INFO  [TestLogIn] Get new Driver 
2018-03-15 16:06:47,527 INFO  [Log] Go To Login Page 
2018-03-15 16:06:47,574 INFO  [Log] Correct  page https://www.facebook.com/ 
2018-03-15 16:06:48,314 INFO  [Log] E-mail  text box found and input text nastya.d.1991@inbox.ru 
2018-03-15 16:06:48,753 INFO  [Log] Password  text box found and input text test1234 
2018-03-15 16:06:53,335 INFO  [Log] Puch Enter 
2018-03-15 16:06:53,518 INFO  [Log] Ok for log: nastya.d.1991@inbox.ru, pass: test1234 
2018-03-15 16:06:53,593 INFO  [Log] Correct  page https://www.facebook.com/?sk=welcome 
2018-03-15 16:06:54,317 INFO  [Log] User Navigation Label found and click. 
2018-03-15 16:06:57,564 INFO  [Log] LogOut link found and click. 
2018-03-15 16:07:05,238 INFO  [TestLogIn] Get new Driver 
2018-03-15 16:07:07,775 INFO  [Log] Go To Login Page 
2018-03-15 16:07:07,792 INFO  [Log] Correct  page https://www.facebook.com/ 
2018-03-15 16:07:08,281 INFO  [Log] E-mail  text box found and input text tes 
2018-03-15 16:07:08,703 INFO  [Log] Password  text box found and input text test1234 
2018-03-15 16:07:39,273 INFO  [Log] Puch Enter 
2018-03-15 16:07:49,326 ERROR [Log] Fail for log: tes, pass: test1234 
2018-03-15 16:07:49,337 ERROR [Log] Wrong page. Current Url-<https://www.facebook.com/login.php?login_attempt=1&lwv=111>, expected URL -<https://www.facebook.com/?sk=welcome> 
2018-03-15 16:07:59,353 ERROR [Log] Error with Go To User Label or LogOut link. 
2018-03-15 16:10:37,252 INFO  [TestLogIn] Get new Driver 
2018-03-15 16:10:39,536 INFO  [Log] Go To Login Page 
2018-03-15 16:10:39,559 INFO  [Log] Correct  page https://www.facebook.com/ 
2018-03-15 16:10:40,255 INFO  [Log] E-mail  text box found and input text nastya.d.1991@inbox.ru 
2018-03-15 16:10:40,699 INFO  [Log] Password  text box found and input text test1234 
2018-03-15 16:10:44,694 INFO  [Log] Puch Enter 
2018-03-15 16:10:44,749 INFO  [Log] Ok for log: nastya.d.1991@inbox.ru, pass: test1234 
2018-03-15 16:10:44,795 INFO  [Log] Correct  page https://www.facebook.com/?sk=welcome 
2018-03-15 16:10:45,290 INFO  [Log] User Navigation Label found and click. 
2018-03-15 16:10:48,418 INFO  [Log] LogOut link found and click. 
2018-03-15 16:10:54,231 INFO  [TestLogIn] Get new Driver 
2018-03-15 16:10:56,561 INFO  [Log] Go To Login Page 
2018-03-15 16:10:56,592 INFO  [Log] Correct  page https://www.facebook.com/ 
2018-03-15 16:10:57,086 INFO  [Log] E-mail  text box found and input text tes 
2018-03-15 16:10:57,472 INFO  [Log] Password  text box found and input text test1234 
2018-03-15 16:11:28,125 INFO  [Log] Puch Enter 
2018-03-15 16:11:38,150 ERROR [Log] Fail for log: tes, pass: test1234 
2018-03-15 16:11:38,165 ERROR [Log] Wrong page. Current Url-<https://www.facebook.com/login.php?login_attempt=1&lwv=111>, expected URL -<https://www.facebook.com/?sk=welcome> 
2018-03-15 16:11:48,218 ERROR [Log] Error with Go To User Label or LogOut link. 
2018-03-16 20:54:52,510 INFO  [TestLogIn] Get new Driver 
2018-03-16 20:54:58,691 INFO  [Log] Go To Login Page 
2018-03-16 20:54:58,760 INFO  [Log] Correct  page https://www.facebook.com/ 
2018-03-16 20:54:59,546 INFO  [Log] E-mail  text box found and input text nastya.d.1991@inbox.ru 
2018-03-16 20:54:59,921 INFO  [Log] Password  text box found and input text test1234 
2018-03-16 20:55:11,446 INFO  [Log] Puch Enter 
2018-03-16 20:55:11,593 INFO  [Log] Ok for log: nastya.d.1991@inbox.ru, pass: test1234 
2018-03-16 20:55:11,929 INFO  [Log] Correct  page https://www.facebook.com/?sk=welcome 
2018-03-16 20:55:12,327 INFO  [Log] User Navigation Label found and click. 
2018-03-16 20:55:16,299 INFO  [Log] LogOut link found and click. 
2018-03-16 20:55:28,098 INFO  [TestLogIn] Get new Driver 
2018-03-16 20:55:32,216 INFO  [Log] Go To Login Page 
2018-03-16 20:55:32,237 INFO  [Log] Correct  page https://www.facebook.com/ 
2018-03-16 20:55:32,685 INFO  [Log] E-mail  text box found and input text tes 
2018-03-16 20:55:33,083 INFO  [Log] Password  text box found and input text test1234 
2018-03-16 20:56:03,963 INFO  [Log] Puch Enter 
2018-03-16 20:56:14,125 ERROR [Log] Fail for log: tes, pass: test1234 
2018-03-16 20:56:14,157 ERROR [Log] Wrong page. Current Url-<https://www.facebook.com/login.php?login_attempt=1&lwv=111>, expected URL -<https://www.facebook.com/?sk=welcome> 
2018-03-16 20:56:24,185 ERROR [Log] Error with Go To User Label or LogOut link. 
